2021-03-09- 14:33:06-get counties by name
2021-03-09- 14:33:13-checking status code
2021-03-09- 14:33:13-test completed succesfully
2021-03-09- 14:33:13-get counties by code
2021-03-09- 14:33:17-test completed succesfully
2021-03-09- 14:33:17-get counties by code with wrong http method
2021-03-09- 14:38:44-get counties by name
2021-03-09- 14:38:50-checking status code
2021-03-09- 14:38:50-get counties by code
2021-03-09- 14:38:53-test completed succesfully
2021-03-09- 14:38:53-get counties by code with wrong http method
2021-03-09- 14:40:07-get counties by name
2021-03-09- 14:40:13-checking status code
2021-03-09- 14:40:14-get counties by code
2021-03-09- 14:40:16-test completed succesfully
2021-03-09- 14:40:48-get counties by name
2021-03-09- 14:40:54-checking status code
2021-03-09- 14:40:54-get counties by code
2021-03-09- 14:40:57-test completed succesfully
2021-03-09- 14:42:23-get counties by name
2021-03-09- 14:42:29-checking status code
2021-03-09- 14:42:29-get counties by code
2021-03-09- 14:42:32-test completed succesfully
2021-03-09- 14:42:32-get counties by code with wrong http method
2021-03-09- 19:06:45-get counties by name
2021-03-09- 19:07:14-checking status code
2021-03-09- 19:07:14-get counties by code with wrong http method
2021-03-09- 19:07:24-get counties by code
2021-03-09- 19:08:51-get counties by name
2021-03-09- 19:08:56-checking status code
2021-03-09- 19:08:56-get counties by code
2021-03-09- 19:09:01-test completed succesfully
2021-03-09- 19:09:01-get counties by code with wrong http method
2021-03-09- 19:10:07-get counties by name
2021-03-09- 19:10:12-checking status code
2021-03-09- 19:10:12-get counties by code
2021-03-09- 19:10:17-test completed succesfully
2021-03-09- 19:10:17-get counties by code with wrong http method
2021-03-09- 19:12:47-get counties by name
2021-03-09- 19:12:52-checking status code
2021-03-09- 19:12:52-get counties by code
2021-03-09- 19:12:56-test completed succesfully
2021-03-09- 19:12:56-get counties by code with wrong http method
2021-03-09- 19:13:54-get counties by name
2021-03-09- 19:14:00-checking status code
2021-03-09- 19:14:00-test completed succesfully
2021-03-09- 19:14:00-get counties by code
2021-03-09- 19:14:04-test completed succesfully
2021-03-09- 19:14:05-get counties by code with wrong http method
2021-03-09- 19:28:42-get counties by code with wrong http method
2021-03-09- 19:29:31-get counties by code with wrong http method
2021-03-09- 19:30:37-get counties by code with wrong http method
